[2026-04-12 11:18:27] [INFO] 开始数据迁移: v0 -> v1
[2026-04-12 11:18:28] [INFO] 数据迁移完成: v1
[2026-04-12 13:25:37] [INFO] 开始数据迁移: v0 -> v1
[2026-04-12 13:25:37] [INFO] 数据迁移完成: v1
[2026-04-12 13:28:01] [INFO] 正在下载订阅: Sub-Store, 目标平台: JSON, UA: 
[2026-04-12 14:00:22] [INFO] 正在下载订阅: Sub-Store, 目标平台: clash, UA: 
[2026-04-12 14:00:27] [INFO] 正在下载订阅: Sub-Store, 目标平台: clash, UA: 
[2026-04-12 14:15:03] [INFO] 正在下载订阅: collection, 目标平台: 111, UA: 
[2026-04-12 14:15:11] [INFO] 正在下载订阅: collection, 目标平台: 111, UA: 
[2026-04-12 14:15:16] [INFO] 正在下载订阅: collection, 目标平台: 111, UA: 
[2026-04-12 14:16:17] [INFO] 删除订阅: Sub-Store
[2026-04-12 14:16:31] [INFO] 删除订阅: Sub-Store
[2026-04-12 14:16:37] [INFO] 删除订阅: Sub-Store
[2026-04-12 14:21:56] [INFO] 正在抓取远程订阅: Sub-Store, URL: http://117.50.180.5:8080/api/clash/subscribe?filename=%E8%87%AA%E7%94%A8.yaml&t=v2ray&token=1f9ac15e-956f-4562-879b-a519bfe18119
[2026-04-12 14:21:56] [INFO] 抓取成功: 2480 字节
[2026-04-12 14:22:20] [INFO] 正在下载组合订阅: 111, 目标平台: clash
[2026-04-12 14:22:25] [INFO] 正在下载组合订阅: 111, 目标平台: clash
[2026-04-12 14:22:32] [INFO] 删除集合: 111
[2026-04-12 14:23:07] [INFO] 删除订阅: Sub-Store
[2026-04-12 14:25:36] [INFO] 正在同步产物: 11
[2026-04-12 14:25:36] [INFO] 同步产物成功: 11
[2026-04-12 14:26:02] [INFO] 正在下载订阅: Sub-Store, 目标平台: clash, UA: 
[2026-04-12 14:27:08] [INFO] 删除集合: 11
[2026-04-12 14:27:11] [INFO] 正在同步产物: 11
[2026-04-12 14:27:11] [INFO] 同步产物成功: 11
[2026-04-12 14:27:11] [INFO] 正在同步产物: 11
[2026-04-12 14:27:11] [INFO] 同步产物成功: 11
[2026-04-12 14:27:12] [INFO] 正在同步产物: 11
[2026-04-12 14:27:12] [INFO] 同步产物成功: 11
